# JRE version: OpenJDK Runtime Environment (11.0.12+7) (build 11.0.12+7-b1504.28-7817840)
# Java VM: OpenJDK 64-Bit Server VM (11.0.12+7-b1504.28-7817840, mixed mode, tiered, compressed oops, g1 gc, windows-amd64)
Heap:
 garbage-first heap   total 611328K, used 200677K [0x0000000080000000, 0x0000000100000000)
  region size 1024K, 16 young (16384K), 16 survivors (16384K)
 Metaspace       used 118300K, capacity 121475K, committed 121600K, reserved 1155072K
  class space    used 14685K, capacity 15869K, committed 15872K, reserved 1048576K
GC Heap History (20 events):
Event: 769.595 GC heap after
{Heap after GC invocations=63 (full 0):
 garbage-first heap   total 253952K, used 143206K [0x0000000080000000, 0x0000000100000000)
  region size 1024K, 3 young (3072K), 3 survivors (3072K)
 Metaspace       used 110100K, capacity 112962K, committed 113152K, reserved 1146880K
  class space    used 13661K, capacity 14722K, committed 14848K, reserved 1048576K
}
Event: 770.196 GC heap before
{Heap before GC invocations=63 (full 0):
 garbage-first heap   total 253952K, used 190310K [0x0000000080000000, 0x0000000100000000)
  region size 1024K, 50 young (51200K), 3 survivors (3072K)
 Metaspace       used 111705K, capacity 114587K, committed 114816K, reserved 1148928K
  class space    used 13827K, capacity 14909K, committed 14976K, reserved 1048576K
}
Event: 770.202 GC heap after
{Heap after GC invocations=64 (full 0):
 garbage-first heap   total 253952K, used 146689K [0x0000000080000000, 0x0000000100000000)
  region size 1024K, 6 young (6144K), 6 survivors (6144K)
 Metaspace       used 111705K, capacity 114587K, committed 114816K, reserved 1148928K
  class space    used 13827K, capacity 14909K, committed 14976K, reserved 1048576K
}
Event: 770.443 GC heap before
{Heap before GC invocations=64 (full 0):
 garbage-first heap   total 253952K, used 195841K [0x0000000080000000, 0x0000000100000000)
  region size 1024K, 55 young (56320K), 6 survivors (6144K)
 Metaspace       used 112164K, capacity 115075K, committed 115328K, reserved 1148928K
  class space    used 13892K, capacity 14962K, committed 14976K, reserved 1048576K
}
Event: 770.455 GC heap after
{Heap after GC invocations=65 (full 0):
 garbage-first heap   total 357376K, used 149536K [0x0000000080000000, 0x0000000100000000)
  region size 1024K, 4 young (4096K), 4 survivors (4096K)
 Metaspace       used 112164K, capacity 115075K, committed 115328K, reserved 1148928K
  class space    used 13892K, capacity 14962K, committed 14976K, reserved 1048576K
}
Event: 770.866 GC heap before
{Heap before GC invocations=65 (full 0):
 garbage-first heap   total 357376K, used 253984K [0x0000000080000000, 0x0000000100000000)
  region size 1024K, 105 young (107520K), 4 survivors (4096K)
 Metaspace       used 113001K, capacity 115919K, committed 115968K, reserved 1150976K
  class space    used 13983K, capacity 15071K, committed 15104K, reserved 1048576K
}
Event: 770.873 GC heap after
{Heap after GC invocations=66 (full 0):
 garbage-first heap   total 357376K, used 156032K [0x0000000080000000, 0x0000000100000000)
  region size 1024K, 8 young (8192K), 8 survivors (8192K)
 Metaspace       used 113001K, capacity 115919K, committed 115968K, reserved 1150976K
  class space    used 13983K, capacity 15071K, committed 15104K, reserved 1048576K
}
Event: 771.219 GC heap before
{Heap before GC invocations=66 (full 0):
 garbage-first heap   total 357376K, used 280960K [0x0000000080000000, 0x0000000100000000)
  region size 1024K, 130 young (133120K), 8 survivors (8192K)
 Metaspace       used 113019K, capacity 115919K, committed 115968K, reserved 1150976K
  class space    used 13983K, capacity 15071K, committed 15104K, reserved 1048576K
}
Event: 771.226 GC heap after
{Heap after GC invocations=67 (full 0):
 garbage-first heap   total 357376K, used 160420K [0x0000000080000000, 0x0000000100000000)
  region size 1024K, 12 young (12288K), 12 survivors (12288K)
 Metaspace       used 113019K, capacity 115919K, committed 115968K, reserved 1150976K
  class space    used 13983K, capacity 15071K, committed 15104K, reserved 1048576K
}
Event: 771.537 GC heap before
{Heap before GC invocations=67 (full 0):
 garbage-first heap   total 357376K, used 286372K [0x0000000080000000, 0x0000000100000000)
  region size 1024K, 134 young (137216K), 12 survivors (12288K)
 Metaspace       used 113684K, capacity 116754K, committed 116864K, reserved 1150976K
  class space    used 14095K, capacity 15219K, committed 15232K, reserved 1048576K
}
Event: 771.546 GC heap after
{Heap after GC invocations=68 (full 0):
 garbage-first heap   total 357376K, used 152694K [0x0000000080000000, 0x0000000100000000)
  region size 1024K, 4 young (4096K), 4 survivors (4096K)
 Metaspace       used 113684K, capacity 116754K, committed 116864K, reserved 1150976K
  class space    used 14095K, capacity 15219K, committed 15232K, reserved 1048576K
}
Event: 771.965 GC heap before
{Heap before GC invocations=68 (full 0):
 garbage-first heap   total 357376K, used 288886K [0x0000000080000000, 0x0000000100000000)
  region size 1024K, 135 young (138240K), 4 survivors (4096K)
 Metaspace       used 113821K, capacity 116871K, committed 117248K, reserved 1150976K
  class space    used 14114K, capacity 15233K, committed 15360K, reserved 1048576K
}
Event: 771.968 GC heap after
{Heap after GC invocations=69 (full 0):
 garbage-first heap   total 357376K, used 154888K [0x0000000080000000, 0x0000000100000000)
  region size 1024K, 4 young (4096K), 4 survivors (4096K)
 Metaspace       used 113821K, capacity 116871K, committed 117248K, reserved 1150976K
  class space    used 14114K, capacity 15233K, committed 15360K, reserved 1048576K
}
Event: 772.473 GC heap before
{Heap before GC invocations=69 (full 0):
 garbage-first heap   total 357376K, used 298248K [0x0000000080000000, 0x0000000100000000)
  region size 1024K, 144 young (147456K), 4 survivors (4096K)
 Metaspace       used 113880K, capacity 117050K, committed 117248K, reserved 1150976K
  class space    used 14122K, capacity 15271K, committed 15360K, reserved 1048576K
}
Event: 772.475 GC heap after
{Heap after GC invocations=70 (full 0):
 garbage-first heap   total 357376K, used 152749K [0x0000000080000000, 0x0000000100000000)
  region size 1024K, 4 young (4096K), 4 survivors (4096K)
 Metaspace       used 113880K, capacity 117050K, committed 117248K, reserved 1150976K
  class space    used 14122K, capacity 15271K, committed 15360K, reserved 1048576K
}
Event: 772.792 GC heap before
{Heap before GC invocations=70 (full 0):
 garbage-first heap   total 357376K, used 299181K [0x0000000080000000, 0x0000000100000000)
  region size 1024K, 146 young (149504K), 4 survivors (4096K)
 Metaspace       used 116681K, capacity 119825K, committed 119936K, reserved 1153024K
  class space    used 14499K, capacity 15666K, committed 15744K, reserved 1048576K
}
Event: 772.797 GC heap after
{Heap after GC invocations=71 (full 0):
 garbage-first heap   total 357376K, used 157479K [0x0000000080000000, 0x0000000100000000)
  region size 1024K, 7 young (7168K), 7 survivors (7168K)
 Metaspace       used 116681K, capacity 119825K, committed 119936K, reserved 1153024K
  class space    used 14499K, capacity 15666K, committed 15744K, reserved 1048576K
}
Event: 772.957 GC heap before
{Heap before GC invocations=71 (full 0):
 garbage-first heap   total 357376K, used 301863K [0x0000000080000000, 0x0000000100000000)
  region size 1024K, 149 young (152576K), 7 survivors (7168K)
 Metaspace       used 117956K, capacity 121100K, committed 121344K, reserved 1155072K
  class space    used 14669K, capacity 15834K, committed 15872K, reserved 1048576K
}
Event: 773.041 GC heap after
{Heap after GC invocations=72 (full 0):
 garbage-first heap   total 357376K, used 181905K [0x0000000080000000, 0x0000000100000000)
  region size 1024K, 19 young (19456K), 19 survivors (19456K)
 Metaspace       used 117956K, capacity 121100K, committed 121344K, reserved 1155072K
  class space    used 14669K, capacity 15834K, committed 15872K, reserved 1048576K
}
Event: 773.294 GC heap before
{Heap before GC invocations=72 (full 0):
 garbage-first heap   total 357376K, used 291473K [0x0000000080000000, 0x0000000100000000)
  region size 1024K, 127 young (130048K), 19 survivors (19456K)
 Metaspace       used 118300K, capacity 121475K, committed 121600K, reserved 1155072K
  class space    used 14685K, capacity 15869K, committed 15872K, reserved 1048576K
}

